2018-11-24 13:10:47:994 [INFO ]: com.ifarm.websocket.WebSocketConfig - com.ifarm.websocket.WebSocketConfig.registerWebSocketHandlers(WebSocketConfig.java:31) 启动websocket
2018-11-24 13:20:48:307 [INFO ]: com.ifarm.util.ConDb - com.ifarm.util.ConDb.<clinit>(ConDb.java:27) {url=jdbc:mysql://127.0.0.1:3306/ifarm, maxActive=50, driverClassName=com.mysql.jdbc.Driver, maxWait=5000, removeAbandoned=true, username=root, minIdle=15, removeAbandonedTimeout=180, password=qican123456, initialSize=50}
2018-11-24 13:20:48:670 [INFO ]: com.ifarm.util.CacheDataBase - com.ifarm.util.CacheDataBase.loadProperties(CacheDataBase.java:191) port:9008
2018-11-24 13:20:48:671 [INFO ]: com.ifarm.util.CacheDataBase - com.ifarm.util.CacheDataBase.loadProperties(CacheDataBase.java:192) imagePath:http://192.168.199.163:8080/IFarm/images/users and http://192.168.199.163:8080/IFarm/images/farms
2018-11-24 13:20:48:673 [INFO ]: com.ifarm.util.CacheDataBase - com.ifarm.util.CacheDataBase.loadProperties(CacheDataBase.java:193) config:<DATA>、<SENSOR=?>、<CONFIG2=?>、<TIME=?>、<STOP><DATA=>
2018-11-24 13:20:48:676 [INFO ]: com.ifarm.util.CacheDataBase - com.ifarm.util.CacheDataBase.loadProperties(CacheDataBase.java:208) collectorDeviceTitle{collectorType5=光照强度,空气温度,空气湿度,土壤温度,土壤湿度, collectorDeviceTypeTitle=五合一设备,七合一设备, collectorDeviceTypeCode=collectorType5,collectorType7, collectorType5UpperCode=Illumination,AirTemperature,AirHumidity,SoilTemperature,SoilHumidity, collectorType5Unit=lux,℃,%,℃,%, collectorType5Code=illumination,airTemperature,airHumidity,soilTemperature,soilHumidity}
2018-11-24 13:20:48:871 [INFO ]: com.ifarm.util.CacheDataBase - com.ifarm.util.CacheDataBase.loadTopics(CacheDataBase.java:269) topics:{system=[{"topicContent":"版本升级到5.0","topicCreateTime":"2017-01-11 20:03:37.0","topicPublisher":"管理员","topicType":"系统"}], test=[{"topicContent":"欢迎使用智能农场","topicCreateTime":"2017-01-11 14:12:37.0","topicPublisher":"管理员","topicType":"系统"}]}
2018-11-24 13:20:49:125 [INFO ]: com.ifarm.util.ControlCacheCollection - com.ifarm.util.ControlCacheCollection.run(ControlCacheCollection.java:188) ---回收线程开启---
2018-11-24 13:20:49:357 [INFO ]: com.ifarm.nosql.dao.InitRedisDao - com.ifarm.nosql.dao.InitRedisDao.redisConnect(InitRedisDao.java:17) redis返回：PONG
2018-11-24 13:24:56:720 [INFO ]: com.ifarm.util.ConDb - com.ifarm.util.ConDb.<clinit>(ConDb.java:27) {url=jdbc:mysql://127.0.0.1:3306/ifarm, maxActive=50, driverClassName=com.mysql.jdbc.Driver, maxWait=5000, removeAbandoned=true, username=root, minIdle=15, removeAbandonedTimeout=180, password=qican123456, initialSize=50}
2018-11-24 13:24:56:976 [INFO ]: com.ifarm.util.CacheDataBase - com.ifarm.util.CacheDataBase.loadProperties(CacheDataBase.java:191) port:9008
2018-11-24 13:24:56:976 [INFO ]: com.ifarm.util.CacheDataBase - com.ifarm.util.CacheDataBase.loadProperties(CacheDataBase.java:192) imagePath:http://192.168.199.163:8080/IFarm/images/users and http://192.168.199.163:8080/IFarm/images/farms
2018-11-24 13:24:56:976 [INFO ]: com.ifarm.util.CacheDataBase - com.ifarm.util.CacheDataBase.loadProperties(CacheDataBase.java:193) config:<DATA>、<SENSOR=?>、<CONFIG2=?>、<TIME=?>、<STOP><DATA=>
2018-11-24 13:24:56:978 [INFO ]: com.ifarm.util.CacheDataBase - com.ifarm.util.CacheDataBase.loadProperties(CacheDataBase.java:208) collectorDeviceTitle{collectorType5=光照强度,空气温度,空气湿度,土壤温度,土壤湿度, collectorDeviceTypeTitle=五合一设备,七合一设备, collectorDeviceTypeCode=collectorType5,collectorType7, collectorType5UpperCode=Illumination,AirTemperature,AirHumidity,SoilTemperature,SoilHumidity, collectorType5Unit=lux,℃,%,℃,%, collectorType5Code=illumination,airTemperature,airHumidity,soilTemperature,soilHumidity}
2018-11-24 13:24:57:105 [INFO ]: com.ifarm.util.CacheDataBase - com.ifarm.util.CacheDataBase.loadTopics(CacheDataBase.java:269) topics:{system=[{"topicContent":"版本升级到5.0","topicCreateTime":"2017-01-11 20:03:37.0","topicPublisher":"管理员","topicType":"系统"}], test=[{"topicContent":"欢迎使用智能农场","topicCreateTime":"2017-01-11 14:12:37.0","topicPublisher":"管理员","topicType":"系统"}]}
2018-11-24 13:24:57:174 [INFO ]: com.ifarm.util.ControlCacheCollection - com.ifarm.util.ControlCacheCollection.run(ControlCacheCollection.java:188) ---回收线程开启---
2018-11-24 13:24:57:227 [INFO ]: com.ifarm.nosql.dao.InitRedisDao - com.ifarm.nosql.dao.InitRedisDao.redisConnect(InitRedisDao.java:17) redis返回：PONG
2018-11-24 13:31:22:907 [INFO ]: com.ifarm.util.ConDb - com.ifarm.util.ConDb.<clinit>(ConDb.java:27) {url=jdbc:mysql://127.0.0.1:3306/ifarm, maxActive=50, driverClassName=com.mysql.jdbc.Driver, maxWait=5000, removeAbandoned=true, username=root, minIdle=15, removeAbandonedTimeout=180, password=qican123456, initialSize=50}
2018-11-24 13:31:23:101 [INFO ]: com.ifarm.util.CacheDataBase - com.ifarm.util.CacheDataBase.loadProperties(CacheDataBase.java:191) port:9008
2018-11-24 13:31:23:101 [INFO ]: com.ifarm.util.CacheDataBase - com.ifarm.util.CacheDataBase.loadProperties(CacheDataBase.java:192) imagePath:http://192.168.199.163:8080/IFarm/images/users and http://192.168.199.163:8080/IFarm/images/farms
2018-11-24 13:31:23:102 [INFO ]: com.ifarm.util.CacheDataBase - com.ifarm.util.CacheDataBase.loadProperties(CacheDataBase.java:193) config:<DATA>、<SENSOR=?>、<CONFIG2=?>、<TIME=?>、<STOP><DATA=>
2018-11-24 13:31:23:103 [INFO ]: com.ifarm.util.CacheDataBase - com.ifarm.util.CacheDataBase.loadProperties(CacheDataBase.java:208) collectorDeviceTitle{collectorType5=光照强度,空气温度,空气湿度,土壤温度,土壤湿度, collectorDeviceTypeTitle=五合一设备,七合一设备, collectorDeviceTypeCode=collectorType5,collectorType7, collectorType5UpperCode=Illumination,AirTemperature,AirHumidity,SoilTemperature,SoilHumidity, collectorType5Unit=lux,℃,%,℃,%, collectorType5Code=illumination,airTemperature,airHumidity,soilTemperature,soilHumidity}
2018-11-24 13:31:23:282 [INFO ]: com.ifarm.util.CacheDataBase - com.ifarm.util.CacheDataBase.loadTopics(CacheDataBase.java:269) topics:{system=[{"topicContent":"版本升级到5.0","topicCreateTime":"2017-01-11 20:03:37.0","topicPublisher":"管理员","topicType":"系统"}], test=[{"topicContent":"欢迎使用智能农场","topicCreateTime":"2017-01-11 14:12:37.0","topicPublisher":"管理员","topicType":"系统"}]}
2018-11-24 13:31:23:361 [INFO ]: com.ifarm.util.ControlCacheCollection - com.ifarm.util.ControlCacheCollection.run(ControlCacheCollection.java:188) ---回收线程开启---
2018-11-24 13:31:23:411 [INFO ]: com.ifarm.nosql.dao.InitRedisDao - com.ifarm.nosql.dao.InitRedisDao.redisConnect(InitRedisDao.java:17) redis返回：PONG
2018-11-24 13:39:29:653 [INFO ]: com.ifarm.util.ConDb - com.ifarm.util.ConDb.<clinit>(ConDb.java:27) {url=jdbc:mysql://127.0.0.1:3306/ifarm, maxActive=50, driverClassName=com.mysql.jdbc.Driver, maxWait=5000, removeAbandoned=true, username=root, minIdle=15, removeAbandonedTimeout=180, password=qican123456, initialSize=50}
2018-11-24 13:39:29:850 [INFO ]: com.ifarm.util.CacheDataBase - com.ifarm.util.CacheDataBase.loadProperties(CacheDataBase.java:191) port:9008
2018-11-24 13:39:29:851 [INFO ]: com.ifarm.util.CacheDataBase - com.ifarm.util.CacheDataBase.loadProperties(CacheDataBase.java:192) imagePath:http://192.168.199.163:8080/IFarm/images/users and http://192.168.199.163:8080/IFarm/images/farms
2018-11-24 13:39:29:851 [INFO ]: com.ifarm.util.CacheDataBase - com.ifarm.util.CacheDataBase.loadProperties(CacheDataBase.java:193) config:<DATA>、<SENSOR=?>、<CONFIG2=?>、<TIME=?>、<STOP><DATA=>
2018-11-24 13:39:29:853 [INFO ]: com.ifarm.util.CacheDataBase - com.ifarm.util.CacheDataBase.loadProperties(CacheDataBase.java:208) collectorDeviceTitle{collectorType5=光照强度,空气温度,空气湿度,土壤温度,土壤湿度, collectorDeviceTypeTitle=五合一设备,七合一设备, collectorDeviceTypeCode=collectorType5,collectorType7, collectorType5UpperCode=Illumination,AirTemperature,AirHumidity,SoilTemperature,SoilHumidity, collectorType5Unit=lux,℃,%,℃,%, collectorType5Code=illumination,airTemperature,airHumidity,soilTemperature,soilHumidity}
2018-11-24 13:39:30:002 [INFO ]: com.ifarm.util.CacheDataBase - com.ifarm.util.CacheDataBase.loadTopics(CacheDataBase.java:269) topics:{system=[{"topicContent":"版本升级到5.0","topicCreateTime":"2017-01-11 20:03:37.0","topicPublisher":"管理员","topicType":"系统"}], test=[{"topicContent":"欢迎使用智能农场","topicCreateTime":"2017-01-11 14:12:37.0","topicPublisher":"管理员","topicType":"系统"}]}
2018-11-24 13:39:30:081 [INFO ]: com.ifarm.util.ControlCacheCollection - com.ifarm.util.ControlCacheCollection.run(ControlCacheCollection.java:188) ---回收线程开启---
2018-11-24 13:39:30:159 [INFO ]: com.ifarm.nosql.dao.InitRedisDao - com.ifarm.nosql.dao.InitRedisDao.redisConnect(InitRedisDao.java:17) redis返回：PONG
2018-11-24 13:40:25:703 [INFO ]: com.ifarm.util.ConDb - com.ifarm.util.ConDb.<clinit>(ConDb.java:27) {url=jdbc:mysql://127.0.0.1:3306/ifarm, maxActive=50, driverClassName=com.mysql.jdbc.Driver, maxWait=5000, removeAbandoned=true, username=root, minIdle=15, removeAbandonedTimeout=180, password=qican123456, initialSize=50}
2018-11-24 13:40:25:806 [INFO ]: com.ifarm.util.CacheDataBase - com.ifarm.util.CacheDataBase.loadProperties(CacheDataBase.java:191) port:9008
2018-11-24 13:40:25:806 [INFO ]: com.ifarm.util.CacheDataBase - com.ifarm.util.CacheDataBase.loadProperties(CacheDataBase.java:192) imagePath:http://192.168.199.163:8080/IFarm/images/users and http://192.168.199.163:8080/IFarm/images/farms
2018-11-24 13:40:25:806 [INFO ]: com.ifarm.util.CacheDataBase - com.ifarm.util.CacheDataBase.loadProperties(CacheDataBase.java:193) config:<DATA>、<SENSOR=?>、<CONFIG2=?>、<TIME=?>、<STOP><DATA=>
2018-11-24 13:40:25:807 [INFO ]: com.ifarm.util.CacheDataBase - com.ifarm.util.CacheDataBase.loadProperties(CacheDataBase.java:208) collectorDeviceTitle{collectorType5=光照强度,空气温度,空气湿度,土壤温度,土壤湿度, collectorDeviceTypeTitle=五合一设备,七合一设备, collectorDeviceTypeCode=collectorType5,collectorType7, collectorType5UpperCode=Illumination,AirTemperature,AirHumidity,SoilTemperature,SoilHumidity, collectorType5Unit=lux,℃,%,℃,%, collectorType5Code=illumination,airTemperature,airHumidity,soilTemperature,soilHumidity}
2018-11-24 13:40:25:857 [INFO ]: com.ifarm.util.CacheDataBase - com.ifarm.util.CacheDataBase.loadTopics(CacheDataBase.java:269) topics:{system=[{"topicContent":"版本升级到5.0","topicCreateTime":"2017-01-11 20:03:37.0","topicPublisher":"管理员","topicType":"系统"}], test=[{"topicContent":"欢迎使用智能农场","topicCreateTime":"2017-01-11 14:12:37.0","topicPublisher":"管理员","topicType":"系统"}]}
2018-11-24 13:40:25:904 [INFO ]: com.ifarm.util.ControlCacheCollection - com.ifarm.util.ControlCacheCollection.run(ControlCacheCollection.java:188) ---回收线程开启---
2018-11-24 13:40:25:956 [INFO ]: com.ifarm.nosql.dao.InitRedisDao - com.ifarm.nosql.dao.InitRedisDao.redisConnect(InitRedisDao.java:17) redis返回：PONG
2019-01-31 13:00:07:110 [INFO ]: com.ifarm.util.ConDb - com.ifarm.util.ConDb.<clinit>(ConDb.java:27) {url=jdbc:mysql://127.0.0.1:3306/ifarm, maxActive=50, driverClassName=com.mysql.jdbc.Driver, maxWait=5000, removeAbandoned=true, username=root, minIdle=15, removeAbandonedTimeout=180, password=qican123456, initialSize=50}
2019-01-31 13:00:07:400 [INFO ]: com.ifarm.util.CacheDataBase - com.ifarm.util.CacheDataBase.loadProperties(CacheDataBase.java:191) port:9008
2019-01-31 13:00:07:400 [INFO ]: com.ifarm.util.CacheDataBase - com.ifarm.util.CacheDataBase.loadProperties(CacheDataBase.java:192) imagePath:http://192.168.1.106:8080/IFarm/images/users and http://192.168.1.106:8080/IFarm/images/farms
2019-01-31 13:00:07:401 [INFO ]: com.ifarm.util.CacheDataBase - com.ifarm.util.CacheDataBase.loadProperties(CacheDataBase.java:193) config:<DATA>、<SENSOR=?>、<CONFIG2=?>、<TIME=?>、<STOP><DATA=>
2019-01-31 13:00:07:403 [INFO ]: com.ifarm.util.CacheDataBase - com.ifarm.util.CacheDataBase.loadProperties(CacheDataBase.java:208) collectorDeviceTitle{collectorType5=光照强度,空气温度,空气湿度,土壤温度,土壤湿度, collectorDeviceTypeTitle=五合一设备,七合一设备,气象站, collectorDeviceTypeCode=five_with_one,seven_with_one,weatherMonitor, collectorType5UpperCode=Illumination,AirTemperature,AirHumidity,SoilTemperature,SoilHumidity, collectorType5Unit=lux,℃,%,℃,%, collectorType5Code=illumination,airTemperature,airHumidity,soilTemperature,soilHumidity}
2019-01-31 13:00:07:664 [INFO ]: com.ifarm.util.CacheDataBase - com.ifarm.util.CacheDataBase.loadTopics(CacheDataBase.java:269) topics:{system=[{"topicContent":"版本升级到5.0","topicCreateTime":"2017-01-11 20:03:37.0","topicPublisher":"管理员","topicType":"系统"}], test=[{"topicContent":"欢迎使用智能农场","topicCreateTime":"2017-01-11 14:12:37.0","topicPublisher":"管理员","topicType":"系统"}]}
2019-01-31 13:00:07:823 [INFO ]: com.ifarm.util.ControlCacheCollection - com.ifarm.util.ControlCacheCollection.run(ControlCacheCollection.java:188) ---回收线程开启---
2019-01-31 13:00:08:980 [ERROR]: com.ifarm.nosql.dao.InitRedisDao - com.ifarm.nosql.dao.InitRedisDao.redisConnect(InitRedisDao.java:19) redis connect:org.springframework.data.redis.RedisConnectionFailureException: Cannot get Jedis connection; nested exception is redis.clients.jedis.exceptions.JedisConnectionException: Could not get a resource from the pool
2019-01-31 13:00:08:981 [INFO ]: com.ifarm.processor.InitializeProcessor - com.ifarm.processor.InitializeProcessor.onApplicationEvent(InitializeProcessor.java:89) redis连接异常
2019-01-31 13:04:04:652 [INFO ]: com.ifarm.util.ConDb - com.ifarm.util.ConDb.<clinit>(ConDb.java:27) {url=jdbc:mysql://127.0.0.1:3306/ifarm, maxActive=50, driverClassName=com.mysql.jdbc.Driver, maxWait=5000, removeAbandoned=true, username=root, minIdle=15, removeAbandonedTimeout=180, password=qican123456, initialSize=50}
2019-01-31 13:04:04:926 [INFO ]: com.ifarm.util.CacheDataBase - com.ifarm.util.CacheDataBase.loadProperties(CacheDataBase.java:191) port:9008
2019-01-31 13:04:04:926 [INFO ]: com.ifarm.util.CacheDataBase - com.ifarm.util.CacheDataBase.loadProperties(CacheDataBase.java:192) imagePath:http://192.168.1.106:8080/IFarm/images/users and http://192.168.1.106:8080/IFarm/images/farms
2019-01-31 13:04:04:927 [INFO ]: com.ifarm.util.CacheDataBase - com.ifarm.util.CacheDataBase.loadProperties(CacheDataBase.java:193) config:<DATA>、<SENSOR=?>、<CONFIG2=?>、<TIME=?>、<STOP><DATA=>
2019-01-31 13:04:04:929 [INFO ]: com.ifarm.util.CacheDataBase - com.ifarm.util.CacheDataBase.loadProperties(CacheDataBase.java:208) collectorDeviceTitle{collectorType5=光照强度,空气温度,空气湿度,土壤温度,土壤湿度, collectorDeviceTypeTitle=五合一设备,七合一设备,气象站, collectorDeviceTypeCode=five_with_one,seven_with_one,weatherMonitor, collectorType5UpperCode=Illumination,AirTemperature,AirHumidity,SoilTemperature,SoilHumidity, collectorType5Unit=lux,℃,%,℃,%, collectorType5Code=illumination,airTemperature,airHumidity,soilTemperature,soilHumidity}
2019-01-31 13:04:05:006 [INFO ]: com.ifarm.util.CacheDataBase - com.ifarm.util.CacheDataBase.loadTopics(CacheDataBase.java:269) topics:{system=[{"topicContent":"版本升级到5.0","topicCreateTime":"2017-01-11 20:03:37.0","topicPublisher":"管理员","topicType":"系统"}], test=[{"topicContent":"欢迎使用智能农场","topicCreateTime":"2017-01-11 14:12:37.0","topicPublisher":"管理员","topicType":"系统"}]}
2019-01-31 13:04:05:051 [INFO ]: com.ifarm.util.ControlCacheCollection - com.ifarm.util.ControlCacheCollection.run(ControlCacheCollection.java:188) ---回收线程开启---
2019-01-31 13:04:06:129 [ERROR]: com.ifarm.nosql.dao.InitRedisDao - com.ifarm.nosql.dao.InitRedisDao.redisConnect(InitRedisDao.java:19) redis connect:org.springframework.data.redis.RedisConnectionFailureException: Cannot get Jedis connection; nested exception is redis.clients.jedis.exceptions.JedisConnectionException: Could not get a resource from the pool
2019-01-31 13:04:06:131 [INFO ]: com.ifarm.processor.InitializeProcessor - com.ifarm.processor.InitializeProcessor.onApplicationEvent(InitializeProcessor.java:89) redis连接异常
2019-01-31 13:05:29:420 [ERROR]: com.ifarm.service.CollectorDeviceCommandService - com.ifarm.service.CollectorDeviceCommandService$CollectorDeviceCommandCallable.call(CollectorDeviceCommandService.java:82) collector command production error
java.lang.NullPointerException
	at com.ifarm.service.CollectorDeviceCommandService$CollectorDeviceCommandCallable.call(CollectorDeviceCommandService.java:51)
	at com.ifarm.service.CollectorDeviceCommandService$CollectorDeviceCommandCallable.call(CollectorDeviceCommandService.java:1)
	at java.util.concurrent.FutureTask.run(FutureTask.java:266)
	at java.util.concurrent.ThreadPoolExecutor.runWorker(ThreadPoolExecutor.java:1142)
	at java.util.concurrent.ThreadPoolExecutor$Worker.run(ThreadPoolExecutor.java:617)
	at java.lang.Thread.run(Thread.java:745)
2019-01-31 13:05:29:748 [INFO ]: com.ifarm.util.ConDb - com.ifarm.util.ConDb.<clinit>(ConDb.java:27) {url=jdbc:mysql://127.0.0.1:3306/ifarm, maxActive=50, driverClassName=com.mysql.jdbc.Driver, maxWait=5000, removeAbandoned=true, username=root, minIdle=15, removeAbandonedTimeout=180, password=qican123456, initialSize=50}
2019-01-31 13:05:29:868 [INFO ]: com.ifarm.util.CacheDataBase - com.ifarm.util.CacheDataBase.loadProperties(CacheDataBase.java:191) port:9008
2019-01-31 13:05:29:869 [INFO ]: com.ifarm.util.CacheDataBase - com.ifarm.util.CacheDataBase.loadProperties(CacheDataBase.java:192) imagePath:http://192.168.1.106:8080/IFarm/images/users and http://192.168.1.106:8080/IFarm/images/farms
2019-01-31 13:05:29:869 [INFO ]: com.ifarm.util.CacheDataBase - com.ifarm.util.CacheDataBase.loadProperties(CacheDataBase.java:193) config:<DATA>、<SENSOR=?>、<CONFIG2=?>、<TIME=?>、<STOP><DATA=>
2019-01-31 13:05:29:871 [INFO ]: com.ifarm.util.CacheDataBase - com.ifarm.util.CacheDataBase.loadProperties(CacheDataBase.java:208) collectorDeviceTitle{collectorType5=光照强度,空气温度,空气湿度,土壤温度,土壤湿度, collectorDeviceTypeTitle=五合一设备,七合一设备,气象站, collectorDeviceTypeCode=five_with_one,seven_with_one,weatherMonitor, collectorType5UpperCode=Illumination,AirTemperature,AirHumidity,SoilTemperature,SoilHumidity, collectorType5Unit=lux,℃,%,℃,%, collectorType5Code=illumination,airTemperature,airHumidity,soilTemperature,soilHumidity}
2019-01-31 13:05:29:956 [INFO ]: com.ifarm.util.CacheDataBase - com.ifarm.util.CacheDataBase.loadTopics(CacheDataBase.java:269) topics:{system=[{"topicContent":"版本升级到5.0","topicCreateTime":"2017-01-11 20:03:37.0","topicPublisher":"管理员","topicType":"系统"}], test=[{"topicContent":"欢迎使用智能农场","topicCreateTime":"2017-01-11 14:12:37.0","topicPublisher":"管理员","topicType":"系统"}]}
2019-01-31 13:05:30:022 [INFO ]: com.ifarm.util.ControlCacheCollection - com.ifarm.util.ControlCacheCollection.run(ControlCacheCollection.java:188) ---回收线程开启---
2019-01-31 13:05:31:104 [ERROR]: com.ifarm.nosql.dao.InitRedisDao - com.ifarm.nosql.dao.InitRedisDao.redisConnect(InitRedisDao.java:19) redis connect:org.springframework.data.redis.RedisConnectionFailureException: Cannot get Jedis connection; nested exception is redis.clients.jedis.exceptions.JedisConnectionException: Could not get a resource from the pool
2019-01-31 13:05:31:105 [INFO ]: com.ifarm.processor.InitializeProcessor - com.ifarm.processor.InitializeProcessor.onApplicationEvent(InitializeProcessor.java:89) redis连接异常
2019-01-31 13:25:26:014 [INFO ]: com.ifarm.util.ConDb - com.ifarm.util.ConDb.<clinit>(ConDb.java:27) {url=jdbc:mysql://127.0.0.1:3306/ifarm, maxActive=50, driverClassName=com.mysql.jdbc.Driver, maxWait=5000, removeAbandoned=true, username=root, minIdle=15, removeAbandonedTimeout=180, password=qican123456, initialSize=50}
2019-01-31 13:25:26:258 [INFO ]: com.ifarm.util.CacheDataBase - com.ifarm.util.CacheDataBase.loadProperties(CacheDataBase.java:191) port:9008
2019-01-31 13:25:26:259 [INFO ]: com.ifarm.util.CacheDataBase - com.ifarm.util.CacheDataBase.loadProperties(CacheDataBase.java:192) imagePath:http://192.168.1.106:8080/IFarm/images/users and http://192.168.1.106:8080/IFarm/images/farms
2019-01-31 13:25:26:260 [INFO ]: com.ifarm.util.CacheDataBase - com.ifarm.util.CacheDataBase.loadProperties(CacheDataBase.java:193) config:<DATA>、<SENSOR=?>、<CONFIG2=?>、<TIME=?>、<STOP><DATA=>
2019-01-31 13:25:26:261 [INFO ]: com.ifarm.util.CacheDataBase - com.ifarm.util.CacheDataBase.loadProperties(CacheDataBase.java:208) collectorDeviceTitle{collectorType5=光照强度,空气温度,空气湿度,土壤温度,土壤湿度, collectorDeviceTypeTitle=五合一设备,七合一设备,气象站, collectorDeviceTypeCode=five_with_one,seven_with_one,weatherMonitor, collectorType5UpperCode=Illumination,AirTemperature,AirHumidity,SoilTemperature,SoilHumidity, collectorType5Unit=lux,℃,%,℃,%, collectorType5Code=illumination,airTemperature,airHumidity,soilTemperature,soilHumidity}
2019-01-31 13:25:26:399 [INFO ]: com.ifarm.util.CacheDataBase - com.ifarm.util.CacheDataBase.loadTopics(CacheDataBase.java:269) topics:{system=[{"topicContent":"版本升级到5.0","topicCreateTime":"2017-01-11 20:03:37.0","topicPublisher":"管理员","topicType":"系统"}], test=[{"topicContent":"欢迎使用智能农场","topicCreateTime":"2017-01-11 14:12:37.0","topicPublisher":"管理员","topicType":"系统"}]}
2019-01-31 13:25:26:456 [INFO ]: com.ifarm.util.ControlCacheCollection - com.ifarm.util.ControlCacheCollection.run(ControlCacheCollection.java:188) ---回收线程开启---
2019-01-31 13:25:27:581 [ERROR]: com.ifarm.nosql.dao.InitRedisDao - com.ifarm.nosql.dao.InitRedisDao.redisConnect(InitRedisDao.java:19) redis connect:org.springframework.data.redis.RedisConnectionFailureException: Cannot get Jedis connection; nested exception is redis.clients.jedis.exceptions.JedisConnectionException: Could not get a resource from the pool
2019-01-31 13:25:27:582 [INFO ]: com.ifarm.processor.InitializeProcessor - com.ifarm.processor.InitializeProcessor.onApplicationEvent(InitializeProcessor.java:89) redis连接异常
2019-01-31 13:30:21:547 [INFO ]: com.ifarm.util.ConDb - com.ifarm.util.ConDb.<clinit>(ConDb.java:27) {url=jdbc:mysql://127.0.0.1:3306/ifarm, maxActive=50, driverClassName=com.mysql.jdbc.Driver, maxWait=5000, removeAbandoned=true, username=root, minIdle=15, removeAbandonedTimeout=180, password=qican123456, initialSize=50}
2019-01-31 13:30:21:709 [INFO ]: com.ifarm.util.CacheDataBase - com.ifarm.util.CacheDataBase.loadProperties(CacheDataBase.java:191) port:9008
2019-01-31 13:30:21:709 [INFO ]: com.ifarm.util.CacheDataBase - com.ifarm.util.CacheDataBase.loadProperties(CacheDataBase.java:192) imagePath:http://192.168.1.106:8080/IFarm/images/users and http://192.168.1.106:8080/IFarm/images/farms
2019-01-31 13:30:21:710 [INFO ]: com.ifarm.util.CacheDataBase - com.ifarm.util.CacheDataBase.loadProperties(CacheDataBase.java:193) config:<DATA>、<SENSOR=?>、<CONFIG2=?>、<TIME=?>、<STOP><DATA=>
2019-01-31 13:30:21:712 [INFO ]: com.ifarm.util.CacheDataBase - com.ifarm.util.CacheDataBase.loadProperties(CacheDataBase.java:208) collectorDeviceTitle{collectorType5=光照强度,空气温度,空气湿度,土壤温度,土壤湿度, collectorDeviceTypeTitle=五合一设备,七合一设备,气象站, collectorDeviceTypeCode=five_with_one,seven_with_one,weatherMonitor, collectorType5UpperCode=Illumination,AirTemperature,AirHumidity,SoilTemperature,SoilHumidity, collectorType5Unit=lux,℃,%,℃,%, collectorType5Code=illumination,airTemperature,airHumidity,soilTemperature,soilHumidity}
2019-01-31 13:30:21:782 [INFO ]: com.ifarm.util.CacheDataBase - com.ifarm.util.CacheDataBase.loadTopics(CacheDataBase.java:269) topics:{system=[{"topicContent":"版本升级到5.0","topicCreateTime":"2017-01-11 20:03:37.0","topicPublisher":"管理员","topicType":"系统"}], test=[{"topicContent":"欢迎使用智能农场","topicCreateTime":"2017-01-11 14:12:37.0","topicPublisher":"管理员","topicType":"系统"}]}
2019-01-31 13:30:21:832 [INFO ]: com.ifarm.util.ControlCacheCollection - com.ifarm.util.ControlCacheCollection.run(ControlCacheCollection.java:188) ---回收线程开启---
2019-01-31 13:30:22:895 [ERROR]: com.ifarm.nosql.dao.InitRedisDao - com.ifarm.nosql.dao.InitRedisDao.redisConnect(InitRedisDao.java:19) redis connect:org.springframework.data.redis.RedisConnectionFailureException: Cannot get Jedis connection; nested exception is redis.clients.jedis.exceptions.JedisConnectionException: Could not get a resource from the pool
2019-01-31 13:30:22:896 [INFO ]: com.ifarm.processor.InitializeProcessor - com.ifarm.processor.InitializeProcessor.onApplicationEvent(InitializeProcessor.java:89) redis连接异常
2019-01-31 13:30:23:015 [ERROR]: com.ifarm.util.JsonObjectUtil - com.ifarm.util.JsonObjectUtil.toJsonArrayString(JsonObjectUtil.java:54) array error
java.lang.Exception
	at com.ifarm.util.JsonObjectUtil.toJsonArrayString(JsonObjectUtil.java:53)
	at com.ifarm.util.JsonObjectUtil.buildCommandJsonObject(JsonObjectUtil.java:188)
	at com.ifarm.service.FarmControlSystemService.regionControlSystem(FarmControlSystemService.java:281)
	at com.ifarm.service.FarmControlSystemService$$FastClassBySpringCGLIB$$63075ab4.invoke(<generated>)
	at org.springframework.cglib.proxy.MethodProxy.invoke(MethodProxy.java:204)
	at org.springframework.aop.framework.CglibAopProxy$CglibMethodInvocation.invokeJoinpoint(CglibAopProxy.java:720)
	at org.springframework.aop.framework.ReflectiveMethodInvocation.proceed(ReflectiveMethodInvocation.java:157)
	at org.springframework.transaction.interceptor.TransactionInterceptor$1.proceedWithInvocation(TransactionInterceptor.java:99)
	at org.springframework.transaction.interceptor.TransactionAspectSupport.invokeWithinTransaction(TransactionAspectSupport.java:281)
	at org.springframework.transaction.interceptor.TransactionInterceptor.invoke(TransactionInterceptor.java:96)
	at org.springframework.aop.framework.ReflectiveMethodInvocation.proceed(ReflectiveMethodInvocation.java:179)
	at org.springframework.aop.interceptor.ExposeInvocationInterceptor.invoke(ExposeInvocationInterceptor.java:92)
	at org.springframework.aop.framework.ReflectiveMethodInvocation.proceed(ReflectiveMethodInvocation.java:179)
	at org.springframework.aop.framework.CglibAopProxy$DynamicAdvisedInterceptor.intercept(CglibAopProxy.java:655)
	at com.ifarm.service.FarmControlSystemService$$EnhancerBySpringCGLIB$$59bd8b23.regionControlSystem(<generated>)
	at com.ifarm.test.FarmControlSystemTest.regionSystemTest(FarmControlSystemTest.java:24)
	at sun.reflect.NativeMethodAccessorImpl.invoke0(Native Method)
	at sun.reflect.NativeMethodAccessorImpl.invoke(NativeMethodAccessorImpl.java:62)
	at sun.reflect.DelegatingMethodAccessorImpl.invoke(DelegatingMethodAccessorImpl.java:43)
	at java.lang.reflect.Method.invoke(Method.java:497)
	at org.junit.runners.model.FrameworkMethod$1.runReflectiveCall(FrameworkMethod.java:47)
	at org.junit.internal.runners.model.ReflectiveCallable.run(ReflectiveCallable.java:12)
	at org.junit.runners.model.FrameworkMethod.invokeExplosively(FrameworkMethod.java:44)
	at org.junit.internal.runners.statements.InvokeMethod.evaluate(InvokeMethod.java:17)
	at org.springframework.test.context.junit4.statements.RunBeforeTestMethodCallbacks.evaluate(RunBeforeTestMethodCallbacks.java:75)
	at org.springframework.test.context.junit4.statements.RunAfterTestMethodCallbacks.evaluate(RunAfterTestMethodCallbacks.java:86)
	at org.springframework.test.context.junit4.statements.SpringRepeat.evaluate(SpringRepeat.java:84)
	at org.junit.runners.ParentRunner.runLeaf(ParentRunner.java:271)
	at org.springframework.test.context.junit4.SpringJUnit4ClassRunner.runChild(SpringJUnit4ClassRunner.java:254)
	at org.springframework.test.context.junit4.SpringJUnit4ClassRunner.runChild(SpringJUnit4ClassRunner.java:89)
	at org.junit.runners.ParentRunner$3.run(ParentRunner.java:238)
	at org.junit.runners.ParentRunner$1.schedule(ParentRunner.java:63)
	at org.junit.runners.ParentRunner.runChildren(ParentRunner.java:236)
	at org.junit.runners.ParentRunner.access$000(ParentRunner.java:53)
	at org.junit.runners.ParentRunner$2.evaluate(ParentRunner.java:229)
	at org.springframework.test.context.junit4.statements.RunBeforeTestClassCallbacks.evaluate(RunBeforeTestClassCallbacks.java:61)
	at org.springframework.test.context.junit4.statements.RunAfterTestClassCallbacks.evaluate(RunAfterTestClassCallbacks.java:70)
	at org.junit.runners.ParentRunner.run(ParentRunner.java:309)
	at org.springframework.test.context.junit4.SpringJUnit4ClassRunner.run(SpringJUnit4ClassRunner.java:193)
	at org.eclipse.jdt.internal.junit4.runner.JUnit4TestReference.run(JUnit4TestReference.java:50)
	at org.eclipse.jdt.internal.junit.runner.TestExecution.run(TestExecution.java:38)
	at org.eclipse.jdt.internal.junit.runner.RemoteTestRunner.runTests(RemoteTestRunner.java:467)
	at org.eclipse.jdt.internal.junit.runner.RemoteTestRunner.runTests(RemoteTestRunner.java:683)
	at org.eclipse.jdt.internal.junit.runner.RemoteTestRunner.run(RemoteTestRunner.java:390)
	at org.eclipse.jdt.internal.junit.runner.RemoteTestRunner.main(RemoteTestRunner.java:197)
2019-01-31 13:31:59:148 [INFO ]: com.ifarm.util.ConDb - com.ifarm.util.ConDb.<clinit>(ConDb.java:27) {url=jdbc:mysql://127.0.0.1:3306/ifarm, maxActive=50, driverClassName=com.mysql.jdbc.Driver, maxWait=5000, removeAbandoned=true, username=root, minIdle=15, removeAbandonedTimeout=180, password=qican123456, initialSize=50}
2019-01-31 13:31:59:250 [INFO ]: com.ifarm.util.CacheDataBase - com.ifarm.util.CacheDataBase.loadProperties(CacheDataBase.java:191) port:9008
2019-01-31 13:31:59:251 [INFO ]: com.ifarm.util.CacheDataBase - com.ifarm.util.CacheDataBase.loadProperties(CacheDataBase.java:192) imagePath:http://192.168.1.106:8080/IFarm/images/users and http://192.168.1.106:8080/IFarm/images/farms
2019-01-31 13:31:59:252 [INFO ]: com.ifarm.util.CacheDataBase - com.ifarm.util.CacheDataBase.loadProperties(CacheDataBase.java:193) config:<DATA>、<SENSOR=?>、<CONFIG2=?>、<TIME=?>、<STOP><DATA=>
2019-01-31 13:31:59:252 [INFO ]: com.ifarm.util.CacheDataBase - com.ifarm.util.CacheDataBase.loadProperties(CacheDataBase.java:208) collectorDeviceTitle{collectorType5=光照强度,空气温度,空气湿度,土壤温度,土壤湿度, collectorDeviceTypeTitle=五合一设备,七合一设备,气象站, collectorDeviceTypeCode=five_with_one,seven_with_one,weatherMonitor, collectorType5UpperCode=Illumination,AirTemperature,AirHumidity,SoilTemperature,SoilHumidity, collectorType5Unit=lux,℃,%,℃,%, collectorType5Code=illumination,airTemperature,airHumidity,soilTemperature,soilHumidity}
2019-01-31 13:31:59:301 [INFO ]: com.ifarm.util.CacheDataBase - com.ifarm.util.CacheDataBase.loadTopics(CacheDataBase.java:269) topics:{system=[{"topicContent":"版本升级到5.0","topicCreateTime":"2017-01-11 20:03:37.0","topicPublisher":"管理员","topicType":"系统"}], test=[{"topicContent":"欢迎使用智能农场","topicCreateTime":"2017-01-11 14:12:37.0","topicPublisher":"管理员","topicType":"系统"}]}
2019-01-31 13:31:59:361 [INFO ]: com.ifarm.util.ControlCacheCollection - com.ifarm.util.ControlCacheCollection.run(ControlCacheCollection.java:188) ---回收线程开启---
2019-01-31 13:32:00:425 [ERROR]: com.ifarm.nosql.dao.InitRedisDao - com.ifarm.nosql.dao.InitRedisDao.redisConnect(InitRedisDao.java:19) redis connect:org.springframework.data.redis.RedisConnectionFailureException: Cannot get Jedis connection; nested exception is redis.clients.jedis.exceptions.JedisConnectionException: Could not get a resource from the pool
2019-01-31 13:32:01:964 [INFO ]: com.ifarm.processor.InitializeProcessor - com.ifarm.processor.InitializeProcessor.onApplicationEvent(InitializeProcessor.java:89) redis连接异常
2019-01-31 13:32:02:105 [ERROR]: com.ifarm.util.JsonObjectUtil - com.ifarm.util.JsonObjectUtil.toJsonArrayString(JsonObjectUtil.java:54) array error
java.lang.Exception
	at com.ifarm.util.JsonObjectUtil.toJsonArrayString(JsonObjectUtil.java:53)
	at com.ifarm.util.JsonObjectUtil.buildCommandJsonObject(JsonObjectUtil.java:188)
	at com.ifarm.service.FarmControlSystemService.regionControlSystem(FarmControlSystemService.java:281)
	at com.ifarm.service.FarmControlSystemService$$FastClassBySpringCGLIB$$63075ab4.invoke(<generated>)
	at org.springframework.cglib.proxy.MethodProxy.invoke(MethodProxy.java:204)
	at org.springframework.aop.framework.CglibAopProxy$CglibMethodInvocation.invokeJoinpoint(CglibAopProxy.java:720)
	at org.springframework.aop.framework.ReflectiveMethodInvocation.proceed(ReflectiveMethodInvocation.java:157)
	at org.springframework.transaction.interceptor.TransactionInterceptor$1.proceedWithInvocation(TransactionInterceptor.java:99)
	at org.springframework.transaction.interceptor.TransactionAspectSupport.invokeWithinTransaction(TransactionAspectSupport.java:281)
	at org.springframework.transaction.interceptor.TransactionInterceptor.invoke(TransactionInterceptor.java:96)
	at org.springframework.aop.framework.ReflectiveMethodInvocation.proceed(ReflectiveMethodInvocation.java:179)
	at org.springframework.aop.interceptor.ExposeInvocationInterceptor.invoke(ExposeInvocationInterceptor.java:92)
	at org.springframework.aop.framework.ReflectiveMethodInvocation.proceed(ReflectiveMethodInvocation.java:179)
	at org.springframework.aop.framework.CglibAopProxy$DynamicAdvisedInterceptor.intercept(CglibAopProxy.java:655)
	at com.ifarm.service.FarmControlSystemService$$EnhancerBySpringCGLIB$$59bd8b23.regionControlSystem(<generated>)
	at com.ifarm.test.FarmControlSystemTest.regionSystemTest(FarmControlSystemTest.java:24)
	at sun.reflect.NativeMethodAccessorImpl.invoke0(Native Method)
	at sun.reflect.NativeMethodAccessorImpl.invoke(NativeMethodAccessorImpl.java:62)
	at sun.reflect.DelegatingMethodAccessorImpl.invoke(DelegatingMethodAccessorImpl.java:43)
	at java.lang.reflect.Method.invoke(Method.java:497)
	at org.junit.runners.model.FrameworkMethod$1.runReflectiveCall(FrameworkMethod.java:47)
	at org.junit.internal.runners.model.ReflectiveCallable.run(ReflectiveCallable.java:12)
	at org.junit.runners.model.FrameworkMethod.invokeExplosively(FrameworkMethod.java:44)
	at org.junit.internal.runners.statements.InvokeMethod.evaluate(InvokeMethod.java:17)
	at org.springframework.test.context.junit4.statements.RunBeforeTestMethodCallbacks.evaluate(RunBeforeTestMethodCallbacks.java:75)
	at org.springframework.test.context.junit4.statements.RunAfterTestMethodCallbacks.evaluate(RunAfterTestMethodCallbacks.java:86)
	at org.springframework.test.context.junit4.statements.SpringRepeat.evaluate(SpringRepeat.java:84)
	at org.junit.runners.ParentRunner.runLeaf(ParentRunner.java:271)
	at org.springframework.test.context.junit4.SpringJUnit4ClassRunner.runChild(SpringJUnit4ClassRunner.java:254)
	at org.springframework.test.context.junit4.SpringJUnit4ClassRunner.runChild(SpringJUnit4ClassRunner.java:89)
	at org.junit.runners.ParentRunner$3.run(ParentRunner.java:238)
	at org.junit.runners.ParentRunner$1.schedule(ParentRunner.java:63)
	at org.junit.runners.ParentRunner.runChildren(ParentRunner.java:236)
	at org.junit.runners.ParentRunner.access$000(ParentRunner.java:53)
	at org.junit.runners.ParentRunner$2.evaluate(ParentRunner.java:229)
	at org.springframework.test.context.junit4.statements.RunBeforeTestClassCallbacks.evaluate(RunBeforeTestClassCallbacks.java:61)
	at org.springframework.test.context.junit4.statements.RunAfterTestClassCallbacks.evaluate(RunAfterTestClassCallbacks.java:70)
	at org.junit.runners.ParentRunner.run(ParentRunner.java:309)
	at org.springframework.test.context.junit4.SpringJUnit4ClassRunner.run(SpringJUnit4ClassRunner.java:193)
	at org.eclipse.jdt.internal.junit4.runner.JUnit4TestReference.run(JUnit4TestReference.java:50)
	at org.eclipse.jdt.internal.junit.runner.TestExecution.run(TestExecution.java:38)
	at org.eclipse.jdt.internal.junit.runner.RemoteTestRunner.runTests(RemoteTestRunner.java:467)
	at org.eclipse.jdt.internal.junit.runner.RemoteTestRunner.runTests(RemoteTestRunner.java:683)
	at org.eclipse.jdt.internal.junit.runner.RemoteTestRunner.run(RemoteTestRunner.java:390)
	at org.eclipse.jdt.internal.junit.runner.RemoteTestRunner.main(RemoteTestRunner.java:197)
2019-01-31 13:33:32:016 [INFO ]: com.ifarm.util.ConDb - com.ifarm.util.ConDb.<clinit>(ConDb.java:27) {url=jdbc:mysql://127.0.0.1:3306/ifarm, maxActive=50, driverClassName=com.mysql.jdbc.Driver, maxWait=5000, removeAbandoned=true, username=root, minIdle=15, removeAbandonedTimeout=180, password=qican123456, initialSize=50}
2019-01-31 13:33:32:148 [INFO ]: com.ifarm.util.CacheDataBase - com.ifarm.util.CacheDataBase.loadProperties(CacheDataBase.java:191) port:9008
2019-01-31 13:33:32:148 [INFO ]: com.ifarm.util.CacheDataBase - com.ifarm.util.CacheDataBase.loadProperties(CacheDataBase.java:192) imagePath:http://192.168.1.106:8080/IFarm/images/users and http://192.168.1.106:8080/IFarm/images/farms
2019-01-31 13:33:32:149 [INFO ]: com.ifarm.util.CacheDataBase - com.ifarm.util.CacheDataBase.loadProperties(CacheDataBase.java:193) config:<DATA>、<SENSOR=?>、<CONFIG2=?>、<TIME=?>、<STOP><DATA=>
2019-01-31 13:33:32:149 [INFO ]: com.ifarm.util.CacheDataBase - com.ifarm.util.CacheDataBase.loadProperties(CacheDataBase.java:208) collectorDeviceTitle{collectorType5=光照强度,空气温度,空气湿度,土壤温度,土壤湿度, collectorDeviceTypeTitle=五合一设备,七合一设备,气象站, collectorDeviceTypeCode=five_with_one,seven_with_one,weatherMonitor, collectorType5UpperCode=Illumination,AirTemperature,AirHumidity,SoilTemperature,SoilHumidity, collectorType5Unit=lux,℃,%,℃,%, collectorType5Code=illumination,airTemperature,airHumidity,soilTemperature,soilHumidity}
2019-01-31 13:33:32:200 [ERROR]: com.ifarm.service.CollectorDeviceCommandService - com.ifarm.service.CollectorDeviceCommandService$CollectorDeviceCommandCallable.call(CollectorDeviceCommandService.java:82) collector command production error
java.lang.NullPointerException
	at com.ifarm.service.CollectorDeviceCommandService$CollectorDeviceCommandCallable.call(CollectorDeviceCommandService.java:51)
	at com.ifarm.service.CollectorDeviceCommandService$CollectorDeviceCommandCallable.call(CollectorDeviceCommandService.java:1)
	at java.util.concurrent.FutureTask.run(FutureTask.java:266)
	at java.util.concurrent.ThreadPoolExecutor.runWorker(ThreadPoolExecutor.java:1142)
	at java.util.concurrent.ThreadPoolExecutor$Worker.run(ThreadPoolExecutor.java:617)
	at java.lang.Thread.run(Thread.java:745)
2019-01-31 13:33:32:224 [INFO ]: com.ifarm.util.CacheDataBase - com.ifarm.util.CacheDataBase.loadTopics(CacheDataBase.java:269) topics:{system=[{"topicContent":"版本升级到5.0","topicCreateTime":"2017-01-11 20:03:37.0","topicPublisher":"管理员","topicType":"系统"}], test=[{"topicContent":"欢迎使用智能农场","topicCreateTime":"2017-01-11 14:12:37.0","topicPublisher":"管理员","topicType":"系统"}]}
2019-01-31 13:33:32:315 [INFO ]: com.ifarm.util.ControlCacheCollection - com.ifarm.util.ControlCacheCollection.run(ControlCacheCollection.java:188) ---回收线程开启---
2019-01-31 13:33:33:405 [ERROR]: com.ifarm.nosql.dao.InitRedisDao - com.ifarm.nosql.dao.InitRedisDao.redisConnect(InitRedisDao.java:19) redis connect:org.springframework.data.redis.RedisConnectionFailureException: Cannot get Jedis connection; nested exception is redis.clients.jedis.exceptions.JedisConnectionException: Could not get a resource from the pool
2019-01-31 13:33:35:412 [INFO ]: com.ifarm.processor.InitializeProcessor - com.ifarm.processor.InitializeProcessor.onApplicationEvent(InitializeProcessor.java:89) redis连接异常
2019-01-31 13:35:17:839 [INFO ]: com.ifarm.util.ConDb - com.ifarm.util.ConDb.<clinit>(ConDb.java:27) {url=jdbc:mysql://127.0.0.1:3306/ifarm, maxActive=50, driverClassName=com.mysql.jdbc.Driver, maxWait=5000, removeAbandoned=true, username=root, minIdle=15, removeAbandonedTimeout=180, password=qican123456, initialSize=50}
2019-01-31 13:35:18:102 [INFO ]: com.ifarm.util.CacheDataBase - com.ifarm.util.CacheDataBase.loadProperties(CacheDataBase.java:191) port:9008
2019-01-31 13:35:18:103 [INFO ]: com.ifarm.util.CacheDataBase - com.ifarm.util.CacheDataBase.loadProperties(CacheDataBase.java:192) imagePath:http://192.168.1.106:8080/IFarm/images/users and http://192.168.1.106:8080/IFarm/images/farms
2019-01-31 13:35:18:103 [INFO ]: com.ifarm.util.CacheDataBase - com.ifarm.util.CacheDataBase.loadProperties(CacheDataBase.java:193) config:<DATA>、<SENSOR=?>、<CONFIG2=?>、<TIME=?>、<STOP><DATA=>
2019-01-31 13:35:18:104 [INFO ]: com.ifarm.util.CacheDataBase - com.ifarm.util.CacheDataBase.loadProperties(CacheDataBase.java:208) collectorDeviceTitle{collectorType5=光照强度,空气温度,空气湿度,土壤温度,土壤湿度, collectorDeviceTypeTitle=五合一设备,七合一设备,气象站, collectorDeviceTypeCode=five_with_one,seven_with_one,weatherMonitor, collectorType5UpperCode=Illumination,AirTemperature,AirHumidity,SoilTemperature,SoilHumidity, collectorType5Unit=lux,℃,%,℃,%, collectorType5Code=illumination,airTemperature,airHumidity,soilTemperature,soilHumidity}
2019-01-31 13:35:18:165 [INFO ]: com.ifarm.util.CacheDataBase - com.ifarm.util.CacheDataBase.loadTopics(CacheDataBase.java:269) topics:{system=[{"topicContent":"版本升级到5.0","topicCreateTime":"2017-01-11 20:03:37.0","topicPublisher":"管理员","topicType":"系统"}], test=[{"topicContent":"欢迎使用智能农场","topicCreateTime":"2017-01-11 14:12:37.0","topicPublisher":"管理员","topicType":"系统"}]}
2019-01-31 13:35:18:215 [INFO ]: com.ifarm.util.ControlCacheCollection - com.ifarm.util.ControlCacheCollection.run(ControlCacheCollection.java:188) ---回收线程开启---
2019-01-31 13:35:19:292 [ERROR]: com.ifarm.nosql.dao.InitRedisDao - com.ifarm.nosql.dao.InitRedisDao.redisConnect(InitRedisDao.java:19) redis connect:org.springframework.data.redis.RedisConnectionFailureException: Cannot get Jedis connection; nested exception is redis.clients.jedis.exceptions.JedisConnectionException: Could not get a resource from the pool
2019-01-31 13:35:19:293 [INFO ]: com.ifarm.processor.InitializeProcessor - com.ifarm.processor.InitializeProcessor.onApplicationEvent(InitializeProcessor.java:89) redis连接异常
2019-01-31 13:35:19:466 [ERROR]: com.ifarm.util.JsonObjectUtil - com.ifarm.util.JsonObjectUtil.toJsonArrayString(JsonObjectUtil.java:54) array error
java.lang.Exception
	at com.ifarm.util.JsonObjectUtil.toJsonArrayString(JsonObjectUtil.java:53)
	at com.ifarm.util.JsonObjectUtil.buildCommandJsonObject(JsonObjectUtil.java:188)
	at com.ifarm.service.FarmControlSystemService.regionControlSystem(FarmControlSystemService.java:281)
	at com.ifarm.service.FarmControlSystemService$$FastClassBySpringCGLIB$$63075ab4.invoke(<generated>)
	at org.springframework.cglib.proxy.MethodProxy.invoke(MethodProxy.java:204)
	at org.springframework.aop.framework.CglibAopProxy$CglibMethodInvocation.invokeJoinpoint(CglibAopProxy.java:720)
	at org.springframework.aop.framework.ReflectiveMethodInvocation.proceed(ReflectiveMethodInvocation.java:157)
	at org.springframework.transaction.interceptor.TransactionInterceptor$1.proceedWithInvocation(TransactionInterceptor.java:99)
	at org.springframework.transaction.interceptor.TransactionAspectSupport.invokeWithinTransaction(TransactionAspectSupport.java:281)
	at org.springframework.transaction.interceptor.TransactionInterceptor.invoke(TransactionInterceptor.java:96)
	at org.springframework.aop.framework.ReflectiveMethodInvocation.proceed(ReflectiveMethodInvocation.java:179)
	at org.springframework.aop.interceptor.ExposeInvocationInterceptor.invoke(ExposeInvocationInterceptor.java:92)
	at org.springframework.aop.framework.ReflectiveMethodInvocation.proceed(ReflectiveMethodInvocation.java:179)
	at org.springframework.aop.framework.CglibAopProxy$DynamicAdvisedInterceptor.intercept(CglibAopProxy.java:655)
	at com.ifarm.service.FarmControlSystemService$$EnhancerBySpringCGLIB$$59bd8b23.regionControlSystem(<generated>)
	at com.ifarm.test.FarmControlSystemTest.regionSystemTest(FarmControlSystemTest.java:24)
	at sun.reflect.NativeMethodAccessorImpl.invoke0(Native Method)
	at sun.reflect.NativeMethodAccessorImpl.invoke(NativeMethodAccessorImpl.java:62)
	at sun.reflect.DelegatingMethodAccessorImpl.invoke(DelegatingMethodAccessorImpl.java:43)
	at java.lang.reflect.Method.invoke(Method.java:497)
	at org.junit.runners.model.FrameworkMethod$1.runReflectiveCall(FrameworkMethod.java:47)
	at org.junit.internal.runners.model.ReflectiveCallable.run(ReflectiveCallable.java:12)
	at org.junit.runners.model.FrameworkMethod.invokeExplosively(FrameworkMethod.java:44)
	at org.junit.internal.runners.statements.InvokeMethod.evaluate(InvokeMethod.java:17)
	at org.springframework.test.context.junit4.statements.RunBeforeTestMethodCallbacks.evaluate(RunBeforeTestMethodCallbacks.java:75)
	at org.springframework.test.context.junit4.statements.RunAfterTestMethodCallbacks.evaluate(RunAfterTestMethodCallbacks.java:86)
	at org.springframework.test.context.junit4.statements.SpringRepeat.evaluate(SpringRepeat.java:84)
	at org.junit.runners.ParentRunner.runLeaf(ParentRunner.java:271)
	at org.springframework.test.context.junit4.SpringJUnit4ClassRunner.runChild(SpringJUnit4ClassRunner.java:254)
	at org.springframework.test.context.junit4.SpringJUnit4ClassRunner.runChild(SpringJUnit4ClassRunner.java:89)
	at org.junit.runners.ParentRunner$3.run(ParentRunner.java:238)
	at org.junit.runners.ParentRunner$1.schedule(ParentRunner.java:63)
	at org.junit.runners.ParentRunner.runChildren(ParentRunner.java:236)
	at org.junit.runners.ParentRunner.access$000(ParentRunner.java:53)
	at org.junit.runners.ParentRunner$2.evaluate(ParentRunner.java:229)
	at org.springframework.test.context.junit4.statements.RunBeforeTestClassCallbacks.evaluate(RunBeforeTestClassCallbacks.java:61)
	at org.springframework.test.context.junit4.statements.RunAfterTestClassCallbacks.evaluate(RunAfterTestClassCallbacks.java:70)
	at org.junit.runners.ParentRunner.run(ParentRunner.java:309)
	at org.springframework.test.context.junit4.SpringJUnit4ClassRunner.run(SpringJUnit4ClassRunner.java:193)
	at org.eclipse.jdt.internal.junit4.runner.JUnit4TestReference.run(JUnit4TestReference.java:50)
	at org.eclipse.jdt.internal.junit.runner.TestExecution.run(TestExecution.java:38)
	at org.eclipse.jdt.internal.junit.runner.RemoteTestRunner.runTests(RemoteTestRunner.java:467)
	at org.eclipse.jdt.internal.junit.runner.RemoteTestRunner.runTests(RemoteTestRunner.java:683)
	at org.eclipse.jdt.internal.junit.runner.RemoteTestRunner.run(RemoteTestRunner.java:390)
	at org.eclipse.jdt.internal.junit.runner.RemoteTestRunner.main(RemoteTestRunner.java:197)
2019-01-31 13:35:45:874 [INFO ]: com.ifarm.util.ConDb - com.ifarm.util.ConDb.<clinit>(ConDb.java:27) {url=jdbc:mysql://127.0.0.1:3306/ifarm, maxActive=50, driverClassName=com.mysql.jdbc.Driver, maxWait=5000, removeAbandoned=true, username=root, minIdle=15, removeAbandonedTimeout=180, password=qican123456, initialSize=50}
2019-01-31 13:35:46:086 [INFO ]: com.ifarm.util.CacheDataBase - com.ifarm.util.CacheDataBase.loadProperties(CacheDataBase.java:191) port:9008
2019-01-31 13:35:46:087 [INFO ]: com.ifarm.util.CacheDataBase - com.ifarm.util.CacheDataBase.loadProperties(CacheDataBase.java:192) imagePath:http://192.168.1.106:8080/IFarm/images/users and http://192.168.1.106:8080/IFarm/images/farms
2019-01-31 13:35:46:087 [INFO ]: com.ifarm.util.CacheDataBase - com.ifarm.util.CacheDataBase.loadProperties(CacheDataBase.java:193) config:<DATA>、<SENSOR=?>、<CONFIG2=?>、<TIME=?>、<STOP><DATA=>
2019-01-31 13:35:46:087 [INFO ]: com.ifarm.util.CacheDataBase - com.ifarm.util.CacheDataBase.loadProperties(CacheDataBase.java:208) collectorDeviceTitle{collectorType5=光照强度,空气温度,空气湿度,土壤温度,土壤湿度, collectorDeviceTypeTitle=五合一设备,七合一设备,气象站, collectorDeviceTypeCode=five_with_one,seven_with_one,weatherMonitor, collectorType5UpperCode=Illumination,AirTemperature,AirHumidity,SoilTemperature,SoilHumidity, collectorType5Unit=lux,℃,%,℃,%, collectorType5Code=illumination,airTemperature,airHumidity,soilTemperature,soilHumidity}
2019-01-31 13:35:46:185 [INFO ]: com.ifarm.util.CacheDataBase - com.ifarm.util.CacheDataBase.loadTopics(CacheDataBase.java:269) topics:{system=[{"topicContent":"版本升级到5.0","topicCreateTime":"2017-01-11 20:03:37.0","topicPublisher":"管理员","topicType":"系统"}], test=[{"topicContent":"欢迎使用智能农场","topicCreateTime":"2017-01-11 14:12:37.0","topicPublisher":"管理员","topicType":"系统"}]}
2019-01-31 13:35:46:230 [INFO ]: com.ifarm.util.ControlCacheCollection - com.ifarm.util.ControlCacheCollection.run(ControlCacheCollection.java:188) ---回收线程开启---
2019-01-31 13:35:47:292 [ERROR]: com.ifarm.nosql.dao.InitRedisDao - com.ifarm.nosql.dao.InitRedisDao.redisConnect(InitRedisDao.java:19) redis connect:org.springframework.data.redis.RedisConnectionFailureException: Cannot get Jedis connection; nested exception is redis.clients.jedis.exceptions.JedisConnectionException: Could not get a resource from the pool
2019-01-31 13:35:47:293 [INFO ]: com.ifarm.processor.InitializeProcessor - com.ifarm.processor.InitializeProcessor.onApplicationEvent(InitializeProcessor.java:89) redis连接异常
2019-01-31 13:35:47:438 [ERROR]: com.ifarm.util.JsonObjectUtil - com.ifarm.util.JsonObjectUtil.toJsonArrayString(JsonObjectUtil.java:54) array error
java.lang.Exception
	at com.ifarm.util.JsonObjectUtil.toJsonArrayString(JsonObjectUtil.java:53)
	at com.ifarm.util.JsonObjectUtil.buildCommandJsonObject(JsonObjectUtil.java:188)
	at com.ifarm.service.FarmControlSystemService.regionControlSystem(FarmControlSystemService.java:281)
	at com.ifarm.service.FarmControlSystemService$$FastClassBySpringCGLIB$$63075ab4.invoke(<generated>)
	at org.springframework.cglib.proxy.MethodProxy.invoke(MethodProxy.java:204)
	at org.springframework.aop.framework.CglibAopProxy$CglibMethodInvocation.invokeJoinpoint(CglibAopProxy.java:720)
	at org.springframework.aop.framework.ReflectiveMethodInvocation.proceed(ReflectiveMethodInvocation.java:157)
	at org.springframework.transaction.interceptor.TransactionInterceptor$1.proceedWithInvocation(TransactionInterceptor.java:99)
	at org.springframework.transaction.interceptor.TransactionAspectSupport.invokeWithinTransaction(TransactionAspectSupport.java:281)
	at org.springframework.transaction.interceptor.TransactionInterceptor.invoke(TransactionInterceptor.java:96)
	at org.springframework.aop.framework.ReflectiveMethodInvocation.proceed(ReflectiveMethodInvocation.java:179)
	at org.springframework.aop.interceptor.ExposeInvocationInterceptor.invoke(ExposeInvocationInterceptor.java:92)
	at org.springframework.aop.framework.ReflectiveMethodInvocation.proceed(ReflectiveMethodInvocation.java:179)
	at org.springframework.aop.framework.CglibAopProxy$DynamicAdvisedInterceptor.intercept(CglibAopProxy.java:655)
	at com.ifarm.service.FarmControlSystemService$$EnhancerBySpringCGLIB$$59bd8b23.regionControlSystem(<generated>)
	at com.ifarm.test.FarmControlSystemTest.regionSystemTest(FarmControlSystemTest.java:24)
	at sun.reflect.NativeMethodAccessorImpl.invoke0(Native Method)
	at sun.reflect.NativeMethodAccessorImpl.invoke(NativeMethodAccessorImpl.java:62)
	at sun.reflect.DelegatingMethodAccessorImpl.invoke(DelegatingMethodAccessorImpl.java:43)
	at java.lang.reflect.Method.invoke(Method.java:497)
	at org.junit.runners.model.FrameworkMethod$1.runReflectiveCall(FrameworkMethod.java:47)
	at org.junit.internal.runners.model.ReflectiveCallable.run(ReflectiveCallable.java:12)
	at org.junit.runners.model.FrameworkMethod.invokeExplosively(FrameworkMethod.java:44)
	at org.junit.internal.runners.statements.InvokeMethod.evaluate(InvokeMethod.java:17)
	at org.springframework.test.context.junit4.statements.RunBeforeTestMethodCallbacks.evaluate(RunBeforeTestMethodCallbacks.java:75)
	at org.springframework.test.context.junit4.statements.RunAfterTestMethodCallbacks.evaluate(RunAfterTestMethodCallbacks.java:86)
	at org.springframework.test.context.junit4.statements.SpringRepeat.evaluate(SpringRepeat.java:84)
	at org.junit.runners.ParentRunner.runLeaf(ParentRunner.java:271)
	at org.springframework.test.context.junit4.SpringJUnit4ClassRunner.runChild(SpringJUnit4ClassRunner.java:254)
	at org.springframework.test.context.junit4.SpringJUnit4ClassRunner.runChild(SpringJUnit4ClassRunner.java:89)
	at org.junit.runners.ParentRunner$3.run(ParentRunner.java:238)
	at org.junit.runners.ParentRunner$1.schedule(ParentRunner.java:63)
	at org.junit.runners.ParentRunner.runChildren(ParentRunner.java:236)
	at org.junit.runners.ParentRunner.access$000(ParentRunner.java:53)
	at org.junit.runners.ParentRunner$2.evaluate(ParentRunner.java:229)
	at org.springframework.test.context.junit4.statements.RunBeforeTestClassCallbacks.evaluate(RunBeforeTestClassCallbacks.java:61)
	at org.springframework.test.context.junit4.statements.RunAfterTestClassCallbacks.evaluate(RunAfterTestClassCallbacks.java:70)
	at org.junit.runners.ParentRunner.run(ParentRunner.java:309)
	at org.springframework.test.context.junit4.SpringJUnit4ClassRunner.run(SpringJUnit4ClassRunner.java:193)
	at org.eclipse.jdt.internal.junit4.runner.JUnit4TestReference.run(JUnit4TestReference.java:50)
	at org.eclipse.jdt.internal.junit.runner.TestExecution.run(TestExecution.java:38)
	at org.eclipse.jdt.internal.junit.runner.RemoteTestRunner.runTests(RemoteTestRunner.java:467)
	at org.eclipse.jdt.internal.junit.runner.RemoteTestRunner.runTests(RemoteTestRunner.java:683)
	at org.eclipse.jdt.internal.junit.runner.RemoteTestRunner.run(RemoteTestRunner.java:390)
	at org.eclipse.jdt.internal.junit.runner.RemoteTestRunner.main(RemoteTestRunner.java:197)
2019-01-31 13:36:20:450 [INFO ]: com.ifarm.util.ConDb - com.ifarm.util.ConDb.<clinit>(ConDb.java:27) {url=jdbc:mysql://127.0.0.1:3306/ifarm, maxActive=50, driverClassName=com.mysql.jdbc.Driver, maxWait=5000, removeAbandoned=true, username=root, minIdle=15, removeAbandonedTimeout=180, password=qican123456, initialSize=50}
2019-01-31 13:36:21:476 [INFO ]: com.ifarm.util.CacheDataBase - com.ifarm.util.CacheDataBase.loadProperties(CacheDataBase.java:191) port:9008
2019-01-31 13:36:21:502 [INFO ]: com.ifarm.util.CacheDataBase - com.ifarm.util.CacheDataBase.loadProperties(CacheDataBase.java:192) imagePath:http://192.168.1.106:8080/IFarm/images/users and http://192.168.1.106:8080/IFarm/images/farms
2019-01-31 13:36:21:506 [INFO ]: com.ifarm.util.CacheDataBase - com.ifarm.util.CacheDataBase.loadProperties(CacheDataBase.java:193) config:<DATA>、<SENSOR=?>、<CONFIG2=?>、<TIME=?>、<STOP><DATA=>
2019-01-31 13:36:21:513 [INFO ]: com.ifarm.util.CacheDataBase - com.ifarm.util.CacheDataBase.loadProperties(CacheDataBase.java:208) collectorDeviceTitle{collectorType5=光照强度,空气温度,空气湿度,土壤温度,土壤湿度, collectorDeviceTypeTitle=五合一设备,七合一设备,气象站, collectorDeviceTypeCode=five_with_one,seven_with_one,weatherMonitor, collectorType5UpperCode=Illumination,AirTemperature,AirHumidity,SoilTemperature,SoilHumidity, collectorType5Unit=lux,℃,%,℃,%, collectorType5Code=illumination,airTemperature,airHumidity,soilTemperature,soilHumidity}
2019-01-31 13:36:21:616 [INFO ]: com.ifarm.util.CacheDataBase - com.ifarm.util.CacheDataBase.loadTopics(CacheDataBase.java:269) topics:{system=[{"topicContent":"版本升级到5.0","topicCreateTime":"2017-01-11 20:03:37.0","topicPublisher":"管理员","topicType":"系统"}], test=[{"topicContent":"欢迎使用智能农场","topicCreateTime":"2017-01-11 14:12:37.0","topicPublisher":"管理员","topicType":"系统"}]}
2019-01-31 13:36:21:663 [INFO ]: com.ifarm.util.ControlCacheCollection - com.ifarm.util.ControlCacheCollection.run(ControlCacheCollection.java:188) ---回收线程开启---
2019-01-31 13:36:22:724 [ERROR]: com.ifarm.nosql.dao.InitRedisDao - com.ifarm.nosql.dao.InitRedisDao.redisConnect(InitRedisDao.java:19) redis connect:org.springframework.data.redis.RedisConnectionFailureException: Cannot get Jedis connection; nested exception is redis.clients.jedis.exceptions.JedisConnectionException: Could not get a resource from the pool
2019-01-31 13:36:22:726 [INFO ]: com.ifarm.processor.InitializeProcessor - com.ifarm.processor.InitializeProcessor.onApplicationEvent(InitializeProcessor.java:89) redis连接异常
2019-01-31 13:38:39:234 [INFO ]: com.ifarm.util.ConDb - com.ifarm.util.ConDb.<clinit>(ConDb.java:27) {url=jdbc:mysql://127.0.0.1:3306/ifarm, maxActive=50, driverClassName=com.mysql.jdbc.Driver, maxWait=5000, removeAbandoned=true, username=root, minIdle=15, removeAbandonedTimeout=180, password=qican123456, initialSize=50}
2019-01-31 13:38:39:413 [INFO ]: com.ifarm.util.CacheDataBase - com.ifarm.util.CacheDataBase.loadProperties(CacheDataBase.java:191) port:9008
2019-01-31 13:38:39:414 [INFO ]: com.ifarm.util.CacheDataBase - com.ifarm.util.CacheDataBase.loadProperties(CacheDataBase.java:192) imagePath:http://192.168.1.106:8080/IFarm/images/users and http://192.168.1.106:8080/IFarm/images/farms
2019-01-31 13:38:39:415 [INFO ]: com.ifarm.util.CacheDataBase - com.ifarm.util.CacheDataBase.loadProperties(CacheDataBase.java:193) config:<DATA>、<SENSOR=?>、<CONFIG2=?>、<TIME=?>、<STOP><DATA=>
2019-01-31 13:38:39:417 [INFO ]: com.ifarm.util.CacheDataBase - com.ifarm.util.CacheDataBase.loadProperties(CacheDataBase.java:208) collectorDeviceTitle{collectorType5=光照强度,空气温度,空气湿度,土壤温度,土壤湿度, collectorDeviceTypeTitle=五合一设备,七合一设备,气象站, collectorDeviceTypeCode=five_with_one,seven_with_one,weatherMonitor, collectorType5UpperCode=Illumination,AirTemperature,AirHumidity,SoilTemperature,SoilHumidity, collectorType5Unit=lux,℃,%,℃,%, collectorType5Code=illumination,airTemperature,airHumidity,soilTemperature,soilHumidity}
2019-01-31 13:38:39:523 [INFO ]: com.ifarm.util.CacheDataBase - com.ifarm.util.CacheDataBase.loadTopics(CacheDataBase.java:269) topics:{system=[{"topicContent":"版本升级到5.0","topicCreateTime":"2017-01-11 20:03:37.0","topicPublisher":"管理员","topicType":"系统"}], test=[{"topicContent":"欢迎使用智能农场","topicCreateTime":"2017-01-11 14:12:37.0","topicPublisher":"管理员","topicType":"系统"}]}
2019-01-31 13:38:39:610 [INFO ]: com.ifarm.util.ControlCacheCollection - com.ifarm.util.ControlCacheCollection.run(ControlCacheCollection.java:188) ---回收线程开启---
2019-01-31 13:38:40:719 [ERROR]: com.ifarm.nosql.dao.InitRedisDao - com.ifarm.nosql.dao.InitRedisDao.redisConnect(InitRedisDao.java:19) redis connect:org.springframework.data.redis.RedisConnectionFailureException: Cannot get Jedis connection; nested exception is redis.clients.jedis.exceptions.JedisConnectionException: Could not get a resource from the pool
2019-01-31 13:38:40:721 [INFO ]: com.ifarm.processor.InitializeProcessor - com.ifarm.processor.InitializeProcessor.onApplicationEvent(InitializeProcessor.java:89) redis连接异常
2019-01-31 14:24:48:188 [INFO ]: com.ifarm.util.ConDb - com.ifarm.util.ConDb.<clinit>(ConDb.java:27) {url=jdbc:mysql://127.0.0.1:3306/ifarm, maxActive=50, driverClassName=com.mysql.jdbc.Driver, maxWait=5000, removeAbandoned=true, username=root, minIdle=15, removeAbandonedTimeout=180, password=qican123456, initialSize=50}
2019-01-31 14:24:48:889 [INFO ]: com.ifarm.util.CacheDataBase - com.ifarm.util.CacheDataBase.loadProperties(CacheDataBase.java:191) port:9008
2019-01-31 14:24:48:891 [INFO ]: com.ifarm.util.CacheDataBase - com.ifarm.util.CacheDataBase.loadProperties(CacheDataBase.java:192) imagePath:http://192.168.1.106:8080/IFarm/images/users and http://192.168.1.106:8080/IFarm/images/farms
2019-01-31 14:24:48:892 [INFO ]: com.ifarm.util.CacheDataBase - com.ifarm.util.CacheDataBase.loadProperties(CacheDataBase.java:193) config:<DATA>、<SENSOR=?>、<CONFIG2=?>、<TIME=?>、<STOP><DATA=>
2019-01-31 14:24:48:894 [INFO ]: com.ifarm.util.CacheDataBase - com.ifarm.util.CacheDataBase.loadProperties(CacheDataBase.java:208) collectorDeviceTitle{collectorType5=光照强度,空气温度,空气湿度,土壤温度,土壤湿度, collectorDeviceTypeTitle=五合一设备,七合一设备,气象站, collectorDeviceTypeCode=five_with_one,seven_with_one,weatherMonitor, collectorType5UpperCode=Illumination,AirTemperature,AirHumidity,SoilTemperature,SoilHumidity, collectorType5Unit=lux,℃,%,℃,%, collectorType5Code=illumination,airTemperature,airHumidity,soilTemperature,soilHumidity}
2019-01-31 14:24:49:000 [INFO ]: com.ifarm.util.CacheDataBase - com.ifarm.util.CacheDataBase.loadTopics(CacheDataBase.java:269) topics:{system=[{"topicContent":"版本升级到5.0","topicCreateTime":"2017-01-11 20:03:37.0","topicPublisher":"管理员","topicType":"系统"}], test=[{"topicContent":"欢迎使用智能农场","topicCreateTime":"2017-01-11 14:12:37.0","topicPublisher":"管理员","topicType":"系统"}]}
2019-01-31 14:24:49:048 [INFO ]: com.ifarm.util.ControlCacheCollection - com.ifarm.util.ControlCacheCollection.run(ControlCacheCollection.java:188) ---回收线程开启---
2019-01-31 14:24:50:114 [ERROR]: com.ifarm.nosql.dao.InitRedisDao - com.ifarm.nosql.dao.InitRedisDao.redisConnect(InitRedisDao.java:19) redis connect:org.springframework.data.redis.RedisConnectionFailureException: Cannot get Jedis connection; nested exception is redis.clients.jedis.exceptions.JedisConnectionException: Could not get a resource from the pool
2019-01-31 14:24:50:115 [INFO ]: com.ifarm.processor.InitializeProcessor - com.ifarm.processor.InitializeProcessor.onApplicationEvent(InitializeProcessor.java:89) redis连接异常
